15:59:26.806 [Daemon] INFO  o.a.AndroidAnnotationProcessor:85 - Initialize AndroidAnnotations 3.0.1 with options {androidManifestFile=/home/hrandr/android/workspace/TestApp/app/build/manifests/debug/AndroidManifest.xml, resourcePackageName=com.excilys.testapp.app}
15:59:26.849 [Daemon] INFO  o.a.AndroidAnnotationProcessor:109 - Start processing for 2 annotations on 5 elements
15:59:26.858 [Daemon] DEBUG o.a.h.AndroidManifestFinder:98 - AndroidManifest.xml file found with specified path: /home/hrandr/android/workspace/TestApp/app/build/manifests/debug/AndroidManifest.xml
15:59:26.951 [Daemon] INFO  o.a.AndroidAnnotationProcessor:172 - AndroidManifest.xml found: AndroidManifest [applicationPackage=com.excilys.testapp.app, componentQualifiedNames=[com.excilys.testapp.android.ui.activity.MainActivity_, com.excilys.testapp.android.ui.activity.ClientActivity_], permissionQualifiedNames=[], applicationClassName=null, libraryProject=false, debugabble=false, minSdkVersion=8, maxSdkVersion=-1, targetSdkVersion=19]
15:59:26.951 [Daemon] INFO  o.a.r.ProjectRClassFinder:50 - Found project R class: com.excilys.testapp.app.R
15:59:26.960 [Daemon] INFO  o.a.r.AndroidRClassFinder:44 - Found Android class: android.R
15:59:26.979 [Daemon] INFO  o.a.p.ModelValidator:42 - Validating elements
15:59:26.979 [Daemon] DEBUG o.a.p.ModelValidator:62 - Validating with EActivityHandler: [com.excilys.testapp.android.ui.activity.MainActivity, com.excilys.testapp.android.ui.activity.ClientActivity]
15:59:26.982 [Daemon] DEBUG o.a.p.ModelValidator:62 - Validating with ClickHandler: [goServerMode(), goClientMode()]
15:59:26.990 [Daemon] INFO  o.a.p.ModelProcessor:73 - Processing root elements
15:59:26.990 [Daemon] DEBUG o.a.p.ModelProcessor:80 - Processing root elements EActivityHandler: [com.excilys.testapp.android.ui.activity.MainActivity, com.excilys.testapp.android.ui.activity.ClientActivity]
15:59:27.16 [Daemon] INFO  o.a.p.ModelProcessor:104 - Processing enclosed elements
15:59:27.17 [Daemon] INFO  o.a.AndroidAnnotationProcessor:251 - Number of files generated by AndroidAnnotations: 2
15:59:27.18 [Daemon] INFO  o.a.g.ApiCodeGenerator:52 - Writting following API classes in project: []
15:59:27.19 [Daemon] DEBUG o.a.g.SourceCodewriter:55 - Generating class: com.excilys.testapp.android.ui.activity.ClientActivity_
15:59:27.36 [Daemon] DEBUG o.a.g.SourceCodewriter:55 - Generating class: com.excilys.testapp.android.ui.activity.MainActivity_
15:59:27.53 [Daemon] INFO  o.a.p.TimeStats:81 - Time measurements: [Whole Processing = 204 ms], [Extract Manifest = 94 ms], [Generate Sources = 36 ms], [Process Annotations = 33 ms], [Find R Classes = 23 ms], [Extract Annotations = 8 ms], [Validate Annotations = 5 ms], 
15:59:27.53 [Daemon] INFO  o.a.AndroidAnnotationProcessor:123 - Finish processing
16:42:38.545 [Daemon] INFO  o.a.AndroidAnnotationProcessor:85 - Initialize AndroidAnnotations 3.0.1 with options {androidManifestFile=/home/hrandr/android/workspace/TestApp/app/build/manifests/debug/AndroidManifest.xml, resourcePackageName=com.excilys.testapp.app}
16:42:38.589 [Daemon] INFO  o.a.AndroidAnnotationProcessor:109 - Start processing for 2 annotations on 5 elements
16:42:38.599 [Daemon] DEBUG o.a.h.AndroidManifestFinder:98 - AndroidManifest.xml file found with specified path: /home/hrandr/android/workspace/TestApp/app/build/manifests/debug/AndroidManifest.xml
16:42:38.693 [Daemon] INFO  o.a.AndroidAnnotationProcessor:172 - AndroidManifest.xml found: AndroidManifest [applicationPackage=com.excilys.testapp.app, componentQualifiedNames=[com.excilys.testapp.android.ui.activity.MainActivity_, com.excilys.testapp.android.ui.activity.ClientActivity_], permissionQualifiedNames=[], applicationClassName=null, libraryProject=false, debugabble=false, minSdkVersion=8, maxSdkVersion=-1, targetSdkVersion=19]
16:42:38.693 [Daemon] INFO  o.a.r.ProjectRClassFinder:50 - Found project R class: com.excilys.testapp.app.R
16:42:38.703 [Daemon] INFO  o.a.r.AndroidRClassFinder:44 - Found Android class: android.R
16:42:38.722 [Daemon] INFO  o.a.p.ModelValidator:42 - Validating elements
16:42:38.722 [Daemon] DEBUG o.a.p.ModelValidator:62 - Validating with EActivityHandler: [com.excilys.testapp.android.ui.activity.MainActivity, com.excilys.testapp.android.ui.activity.ClientActivity]
16:42:38.725 [Daemon] DEBUG o.a.p.ModelValidator:62 - Validating with ClickHandler: [goServerMode(), goClientMode()]
16:42:38.733 [Daemon] INFO  o.a.p.ModelProcessor:73 - Processing root elements
16:42:38.733 [Daemon] DEBUG o.a.p.ModelProcessor:80 - Processing root elements EActivityHandler: [com.excilys.testapp.android.ui.activity.MainActivity, com.excilys.testapp.android.ui.activity.ClientActivity]
16:42:38.759 [Daemon] INFO  o.a.p.ModelProcessor:104 - Processing enclosed elements
16:42:38.760 [Daemon] INFO  o.a.AndroidAnnotationProcessor:251 - Number of files generated by AndroidAnnotations: 2
16:42:38.761 [Daemon] INFO  o.a.g.ApiCodeGenerator:52 - Writting following API classes in project: []
16:42:38.762 [Daemon] DEBUG o.a.g.SourceCodewriter:55 - Generating class: com.excilys.testapp.android.ui.activity.ClientActivity_
16:42:38.781 [Daemon] DEBUG o.a.g.SourceCodewriter:55 - Generating class: com.excilys.testapp.android.ui.activity.MainActivity_
16:42:38.801 [Daemon] INFO  o.a.p.TimeStats:81 - Time measurements: [Whole Processing = 212 ms], [Extract Manifest = 95 ms], [Generate Sources = 41 ms], [Process Annotations = 33 ms], [Find R Classes = 23 ms], [Extract Annotations = 9 ms], [Validate Annotations = 5 ms], 
16:42:38.801 [Daemon] INFO  o.a.AndroidAnnotationProcessor:123 - Finish processing
12:30:28.462 [Daemon] INFO  o.a.AndroidAnnotationProcessor:85 - Initialize AndroidAnnotations 3.0.1 with options {androidManifestFile=/home/hrandr/android/workspace/TestApp/app/build/manifests/debug/AndroidManifest.xml, resourcePackageName=com.excilys.testapp.app}
12:30:28.510 [Daemon] INFO  o.a.AndroidAnnotationProcessor:109 - Start processing for 5 annotations on 20 elements
12:30:28.531 [Daemon] DEBUG o.a.h.AndroidManifestFinder:98 - AndroidManifest.xml file found with specified path: /home/hrandr/android/workspace/TestApp/app/build/manifests/debug/AndroidManifest.xml
12:30:28.634 [Daemon] INFO  o.a.AndroidAnnotationProcessor:172 - AndroidManifest.xml found: AndroidManifest [applicationPackage=com.excilys.testapp.app, componentQualifiedNames=[com.excilys.testapp.android.ui.activity.MainActivity_, com.excilys.testapp.android.ui.activity.ClientActivity_, com.excilys.testapp.android.ui.activity.ClientConnectionActivity_, com.excilys.testapp.android.ui.activity.ServerActivity_], permissionQualifiedNames=[], applicationClassName=null, libraryProject=false, debugabble=false, minSdkVersion=8, maxSdkVersion=-1, targetSdkVersion=19]
12:30:28.634 [Daemon] INFO  o.a.r.ProjectRClassFinder:50 - Found project R class: com.excilys.testapp.app.R
12:30:28.643 [Daemon] INFO  o.a.r.AndroidRClassFinder:44 - Found Android class: android.R
12:30:28.663 [Daemon] INFO  o.a.p.ModelValidator:42 - Validating elements
12:30:28.664 [Daemon] DEBUG o.a.p.ModelValidator:62 - Validating with EActivityHandler: [com.excilys.testapp.android.ui.activity.ServerActivity, com.excilys.testapp.android.ui.activity.MainActivity, com.excilys.testapp.android.ui.activity.ClientActivity]
12:30:28.667 [Daemon] DEBUG o.a.p.ModelValidator:62 - Validating with EBeanHandler: [com.excilys.testapp.android.service.message.impl.MessageServiceImpl, com.excilys.testapp.android.websocket.server.Server, com.excilys.testapp.android.persistence.dao.message.impl.MessageDaoImpl]
12:30:28.667 [Daemon] DEBUG o.a.p.ModelValidator:62 - Validating with ClickHandler: [goServerMode(), goClientMode()]
12:30:28.669 [Daemon] DEBUG o.a.p.ModelValidator:62 - Validating with RootContextHanlder: [context]
12:30:28.670 [Daemon] DEBUG o.a.p.ModelValidator:62 - Validating with BeanHandler: [messageDao, messageService]
12:30:28.677 [Daemon] INFO  o.a.p.ModelProcessor:73 - Processing root elements
12:30:28.677 [Daemon] DEBUG o.a.p.ModelProcessor:80 - Processing root elements EActivityHandler: [com.excilys.testapp.android.ui.activity.ClientActivity, com.excilys.testapp.android.ui.activity.ServerActivity, com.excilys.testapp.android.ui.activity.MainActivity]
12:30:28.707 [Daemon] DEBUG o.a.p.ModelProcessor:80 - Processing root elements EBeanHandler: [com.excilys.testapp.android.persistence.dao.message.impl.MessageDaoImpl, com.excilys.testapp.android.service.message.impl.MessageServiceImpl, com.excilys.testapp.android.websocket.server.Server]
12:30:28.708 [Daemon] INFO  o.a.p.ModelProcessor:104 - Processing enclosed elements
12:30:28.709 [Daemon] INFO  o.a.AndroidAnnotationProcessor:251 - Number of files generated by AndroidAnnotations: 6
12:30:28.710 [Daemon] INFO  o.a.g.ApiCodeGenerator:52 - Writting following API classes in project: []
12:30:28.711 [Daemon] DEBUG o.a.g.SourceCodewriter:55 - Generating class: com.excilys.testapp.android.service.message.impl.MessageServiceImpl_
12:30:28.719 [Daemon] DEBUG o.a.g.SourceCodewriter:55 - Generating class: com.excilys.testapp.android.websocket.server.Server_
12:30:28.722 [Daemon] DEBUG o.a.g.SourceCodewriter:55 - Generating class: com.excilys.testapp.android.ui.activity.ClientActivity_
12:30:28.739 [Daemon] DEBUG o.a.g.SourceCodewriter:55 - Generating class: com.excilys.testapp.android.ui.activity.MainActivity_
12:30:28.765 [Daemon] DEBUG o.a.g.SourceCodewriter:55 - Generating class: com.excilys.testapp.android.ui.activity.ServerActivity_
12:30:28.772 [Daemon] DEBUG o.a.g.SourceCodewriter:55 - Generating class: com.excilys.testapp.android.persistence.dao.message.impl.MessageDaoImpl_
12:30:28.774 [Daemon] INFO  o.a.p.TimeStats:81 - Time measurements: [Whole Processing = 264 ms], [Extract Manifest = 104 ms], [Generate Sources = 65 ms], [Process Annotations = 38 ms], [Find R Classes = 24 ms], [Extract Annotations = 19 ms], [Validate Annotations = 8 ms], 
12:30:28.774 [Daemon] INFO  o.a.AndroidAnnotationProcessor:123 - Finish processing
12:30:49.469 [Daemon] INFO  o.a.AndroidAnnotationProcessor:85 - Initialize AndroidAnnotations 3.0.1 with options {androidManifestFile=/home/hrandr/android/workspace/TestApp/app/build/manifests/debug/AndroidManifest.xml, resourcePackageName=com.excilys.testapp.app}
12:30:49.514 [Daemon] INFO  o.a.AndroidAnnotationProcessor:109 - Start processing for 5 annotations on 20 elements
12:30:49.526 [Daemon] DEBUG o.a.h.AndroidManifestFinder:98 - AndroidManifest.xml file found with specified path: /home/hrandr/android/workspace/TestApp/app/build/manifests/debug/AndroidManifest.xml
12:30:49.529 [Daemon] INFO  o.a.AndroidAnnotationProcessor:172 - AndroidManifest.xml found: AndroidManifest [applicationPackage=com.excilys.testapp.app, componentQualifiedNames=[com.excilys.testapp.android.ui.activity.MainActivity_, com.excilys.testapp.android.ui.activity.ClientActivity_, com.excilys.testapp.android.ui.activity.ClientConnectionActivity_, com.excilys.testapp.android.ui.activity.ServerActivity_], permissionQualifiedNames=[], applicationClassName=null, libraryProject=false, debugabble=false, minSdkVersion=8, maxSdkVersion=-1, targetSdkVersion=19]
12:30:49.529 [Daemon] INFO  o.a.r.ProjectRClassFinder:50 - Found project R class: com.excilys.testapp.app.R
12:30:49.537 [Daemon] INFO  o.a.r.AndroidRClassFinder:44 - Found Android class: android.R
12:30:49.554 [Daemon] INFO  o.a.p.ModelValidator:42 - Validating elements
12:30:49.555 [Daemon] DEBUG o.a.p.ModelValidator:62 - Validating with EActivityHandler: [com.excilys.testapp.android.ui.activity.ServerActivity, com.excilys.testapp.android.ui.activity.MainActivity, com.excilys.testapp.android.ui.activity.ClientActivity]
12:30:49.557 [Daemon] DEBUG o.a.p.ModelValidator:62 - Validating with EBeanHandler: [com.excilys.testapp.android.service.message.impl.MessageServiceImpl, com.excilys.testapp.android.websocket.server.Server, com.excilys.testapp.android.persistence.dao.message.impl.MessageDaoImpl]
12:30:49.557 [Daemon] DEBUG o.a.p.ModelValidator:62 - Validating with ClickHandler: [goServerMode(), goClientMode()]
12:30:49.559 [Daemon] DEBUG o.a.p.ModelValidator:62 - Validating with RootContextHanlder: [context]
12:30:49.560 [Daemon] DEBUG o.a.p.ModelValidator:62 - Validating with BeanHandler: [messageDao, messageService]
12:30:49.566 [Daemon] INFO  o.a.p.ModelProcessor:73 - Processing root elements
12:30:49.567 [Daemon] DEBUG o.a.p.ModelProcessor:80 - Processing root elements EActivityHandler: [com.excilys.testapp.android.ui.activity.ServerActivity, com.excilys.testapp.android.ui.activity.ClientActivity, com.excilys.testapp.android.ui.activity.MainActivity]
12:30:49.591 [Daemon] DEBUG o.a.p.ModelProcessor:80 - Processing root elements EBeanHandler: [com.excilys.testapp.android.websocket.server.Server, com.excilys.testapp.android.service.message.impl.MessageServiceImpl, com.excilys.testapp.android.persistence.dao.message.impl.MessageDaoImpl]
12:30:49.592 [Daemon] INFO  o.a.p.ModelProcessor:104 - Processing enclosed elements
12:30:49.593 [Daemon] INFO  o.a.AndroidAnnotationProcessor:251 - Number of files generated by AndroidAnnotations: 6
12:30:49.595 [Daemon] INFO  o.a.g.ApiCodeGenerator:52 - Writting following API classes in project: []
12:30:49.596 [Daemon] DEBUG o.a.g.SourceCodewriter:55 - Generating class: com.excilys.testapp.android.service.message.impl.MessageServiceImpl_
12:30:49.601 [Daemon] DEBUG o.a.g.SourceCodewriter:55 - Generating class: com.excilys.testapp.android.websocket.server.Server_
12:30:49.603 [Daemon] DEBUG o.a.g.SourceCodewriter:55 - Generating class: com.excilys.testapp.android.ui.activity.ClientActivity_
12:30:49.610 [Daemon] DEBUG o.a.g.SourceCodewriter:55 - Generating class: com.excilys.testapp.android.ui.activity.MainActivity_
12:30:49.618 [Daemon] DEBUG o.a.g.SourceCodewriter:55 - Generating class: com.excilys.testapp.android.ui.activity.ServerActivity_
12:30:49.626 [Daemon] DEBUG o.a.g.SourceCodewriter:55 - Generating class: com.excilys.testapp.android.persistence.dao.message.impl.MessageDaoImpl_
12:30:49.628 [Daemon] INFO  o.a.p.TimeStats:81 - Time measurements: [Whole Processing = 114 ms], [Generate Sources = 35 ms], [Process Annotations = 33 ms], [Find R Classes = 20 ms], [Extract Annotations = 11 ms], [Validate Annotations = 6 ms], [Extract Manifest = 4 ms], 
12:30:49.628 [Daemon] INFO  o.a.AndroidAnnotationProcessor:123 - Finish processing
12:34:51.244 [Daemon] INFO  o.a.AndroidAnnotationProcessor:85 - Initialize AndroidAnnotations 3.0.1 with options {androidManifestFile=/home/hrandr/android/workspace/TestApp/app/build/manifests/debug/AndroidManifest.xml, resourcePackageName=com.excilys.testapp.app}
12:34:51.291 [Daemon] INFO  o.a.AndroidAnnotationProcessor:109 - Start processing for 5 annotations on 20 elements
12:34:51.312 [Daemon] DEBUG o.a.h.AndroidManifestFinder:98 - AndroidManifest.xml file found with specified path: /home/hrandr/android/workspace/TestApp/app/build/manifests/debug/AndroidManifest.xml
12:34:51.415 [Daemon] INFO  o.a.AndroidAnnotationProcessor:172 - AndroidManifest.xml found: AndroidManifest [applicationPackage=com.excilys.testapp.app, componentQualifiedNames=[com.excilys.testapp.android.ui.activity.MainActivity_, com.excilys.testapp.android.ui.activity.ClientActivity_, com.excilys.testapp.android.ui.activity.ClientConnectionActivity_, com.excilys.testapp.android.ui.activity.ServerActivity_], permissionQualifiedNames=[], applicationClassName=null, libraryProject=false, debugabble=false, minSdkVersion=8, maxSdkVersion=-1, targetSdkVersion=19]
12:34:51.416 [Daemon] INFO  o.a.r.ProjectRClassFinder:50 - Found project R class: com.excilys.testapp.app.R
12:34:51.425 [Daemon] INFO  o.a.r.AndroidRClassFinder:44 - Found Android class: android.R
12:34:51.446 [Daemon] INFO  o.a.p.ModelValidator:42 - Validating elements
12:34:51.446 [Daemon] DEBUG o.a.p.ModelValidator:62 - Validating with EActivityHandler: [com.excilys.testapp.android.ui.activity.ServerActivity, com.excilys.testapp.android.ui.activity.MainActivity, com.excilys.testapp.android.ui.activity.ClientActivity]
12:34:51.449 [Daemon] DEBUG o.a.p.ModelValidator:62 - Validating with EBeanHandler: [com.excilys.testapp.android.service.message.impl.MessageServiceImpl, com.excilys.testapp.android.websocket.server.Server, com.excilys.testapp.android.persistence.dao.message.impl.MessageDaoImpl]
12:34:51.450 [Daemon] DEBUG o.a.p.ModelValidator:62 - Validating with ClickHandler: [goServerMode(), goClientMode()]
12:34:51.452 [Daemon] DEBUG o.a.p.ModelValidator:62 - Validating with RootContextHanlder: [context]
12:34:51.453 [Daemon] DEBUG o.a.p.ModelValidator:62 - Validating with BeanHandler: [messageDao, messageService]
12:34:51.460 [Daemon] INFO  o.a.p.ModelProcessor:73 - Processing root elements
12:34:51.460 [Daemon] DEBUG o.a.p.ModelProcessor:80 - Processing root elements EActivityHandler: [com.excilys.testapp.android.ui.activity.ClientActivity, com.excilys.testapp.android.ui.activity.MainActivity, com.excilys.testapp.android.ui.activity.ServerActivity]
12:34:51.490 [Daemon] DEBUG o.a.p.ModelProcessor:80 - Processing root elements EBeanHandler: [com.excilys.testapp.android.persistence.dao.message.impl.MessageDaoImpl, com.excilys.testapp.android.service.message.impl.MessageServiceImpl, com.excilys.testapp.android.websocket.server.Server]
12:34:51.491 [Daemon] INFO  o.a.p.ModelProcessor:104 - Processing enclosed elements
12:34:51.492 [Daemon] INFO  o.a.AndroidAnnotationProcessor:251 - Number of files generated by AndroidAnnotations: 6
12:34:51.494 [Daemon] INFO  o.a.g.ApiCodeGenerator:52 - Writting following API classes in project: []
12:34:51.495 [Daemon] DEBUG o.a.g.SourceCodewriter:55 - Generating class: com.excilys.testapp.android.service.message.impl.MessageServiceImpl_
12:34:51.503 [Daemon] DEBUG o.a.g.SourceCodewriter:55 - Generating class: com.excilys.testapp.android.websocket.server.Server_
12:34:51.506 [Daemon] DEBUG o.a.g.SourceCodewriter:55 - Generating class: com.excilys.testapp.android.ui.activity.ClientActivity_
12:34:51.522 [Daemon] DEBUG o.a.g.SourceCodewriter:55 - Generating class: com.excilys.testapp.android.ui.activity.MainActivity_
12:34:51.541 [Daemon] DEBUG o.a.g.SourceCodewriter:55 - Generating class: com.excilys.testapp.android.ui.activity.ServerActivity_
12:34:51.550 [Daemon] DEBUG o.a.g.SourceCodewriter:55 - Generating class: com.excilys.testapp.android.persistence.dao.message.impl.MessageDaoImpl_
12:34:51.552 [Daemon] INFO  o.a.p.TimeStats:81 - Time measurements: [Whole Processing = 261 ms], [Extract Manifest = 104 ms], [Generate Sources = 60 ms], [Process Annotations = 38 ms], [Find R Classes = 24 ms], [Extract Annotations = 20 ms], [Validate Annotations = 8 ms], 
12:34:51.552 [Daemon] INFO  o.a.AndroidAnnotationProcessor:123 - Finish processing
12:37:00.902 [Daemon] INFO  o.a.AndroidAnnotationProcessor:85 - Initialize AndroidAnnotations 3.0.1 with options {androidManifestFile=/home/hrandr/android/workspace/TestApp/app/build/manifests/debug/AndroidManifest.xml, resourcePackageName=com.excilys.testapp.app}
12:37:00.947 [Daemon] INFO  o.a.AndroidAnnotationProcessor:109 - Start processing for 5 annotations on 20 elements
12:37:00.969 [Daemon] DEBUG o.a.h.AndroidManifestFinder:98 - AndroidManifest.xml file found with specified path: /home/hrandr/android/workspace/TestApp/app/build/manifests/debug/AndroidManifest.xml
12:37:01.66 [Daemon] INFO  o.a.AndroidAnnotationProcessor:172 - AndroidManifest.xml found: AndroidManifest [applicationPackage=com.excilys.testapp.app, componentQualifiedNames=[com.excilys.testapp.android.ui.activity.MainActivity_, com.excilys.testapp.android.ui.activity.ClientActivity_, com.excilys.testapp.android.ui.activity.ClientConnectionActivity_, com.excilys.testapp.android.ui.activity.ServerActivity_], permissionQualifiedNames=[], applicationClassName=null, libraryProject=false, debugabble=false, minSdkVersion=8, maxSdkVersion=-1, targetSdkVersion=19]
12:37:01.66 [Daemon] INFO  o.a.r.ProjectRClassFinder:50 - Found project R class: com.excilys.testapp.app.R
12:37:01.75 [Daemon] INFO  o.a.r.AndroidRClassFinder:44 - Found Android class: android.R
12:37:01.98 [Daemon] INFO  o.a.p.ModelValidator:42 - Validating elements
12:37:01.98 [Daemon] DEBUG o.a.p.ModelValidator:62 - Validating with EActivityHandler: [com.excilys.testapp.android.ui.activity.ServerActivity, com.excilys.testapp.android.ui.activity.MainActivity, com.excilys.testapp.android.ui.activity.ClientActivity]
12:37:01.102 [Daemon] DEBUG o.a.p.ModelValidator:62 - Validating with EBeanHandler: [com.excilys.testapp.android.service.message.impl.MessageServiceImpl, com.excilys.testapp.android.websocket.server.Server, com.excilys.testapp.android.persistence.dao.message.impl.MessageDaoImpl]
12:37:01.102 [Daemon] DEBUG o.a.p.ModelValidator:62 - Validating with ClickHandler: [goServerMode(), goClientMode()]
12:37:01.104 [Daemon] DEBUG o.a.p.ModelValidator:62 - Validating with RootContextHanlder: [context]
12:37:01.105 [Daemon] DEBUG o.a.p.ModelValidator:62 - Validating with BeanHandler: [messageDao, messageService]
12:37:01.112 [Daemon] INFO  o.a.p.ModelProcessor:73 - Processing root elements
12:37:01.112 [Daemon] DEBUG o.a.p.ModelProcessor:80 - Processing root elements EActivityHandler: [com.excilys.testapp.android.ui.activity.ClientActivity, com.excilys.testapp.android.ui.activity.ServerActivity, com.excilys.testapp.android.ui.activity.MainActivity]
12:37:01.142 [Daemon] DEBUG o.a.p.ModelProcessor:80 - Processing root elements EBeanHandler: [com.excilys.testapp.android.service.message.impl.MessageServiceImpl, com.excilys.testapp.android.persistence.dao.message.impl.MessageDaoImpl, com.excilys.testapp.android.websocket.server.Server]
12:37:01.143 [Daemon] INFO  o.a.p.ModelProcessor:104 - Processing enclosed elements
12:37:01.144 [Daemon] INFO  o.a.AndroidAnnotationProcessor:251 - Number of files generated by AndroidAnnotations: 6
12:37:01.145 [Daemon] INFO  o.a.g.ApiCodeGenerator:52 - Writting following API classes in project: []
12:37:01.147 [Daemon] DEBUG o.a.g.SourceCodewriter:55 - Generating class: com.excilys.testapp.android.service.message.impl.MessageServiceImpl_
12:37:01.154 [Daemon] DEBUG o.a.g.SourceCodewriter:55 - Generating class: com.excilys.testapp.android.websocket.server.Server_
12:37:01.158 [Daemon] DEBUG o.a.g.SourceCodewriter:55 - Generating class: com.excilys.testapp.android.ui.activity.ClientActivity_
12:37:01.173 [Daemon] DEBUG o.a.g.SourceCodewriter:55 - Generating class: com.excilys.testapp.android.ui.activity.MainActivity_
12:37:01.193 [Daemon] DEBUG o.a.g.SourceCodewriter:55 - Generating class: com.excilys.testapp.android.ui.activity.ServerActivity_
12:37:01.201 [Daemon] DEBUG o.a.g.SourceCodewriter:55 - Generating class: com.excilys.testapp.android.persistence.dao.message.impl.MessageDaoImpl_
12:37:01.203 [Daemon] INFO  o.a.p.TimeStats:81 - Time measurements: [Whole Processing = 256 ms], [Extract Manifest = 98 ms], [Generate Sources = 59 ms], [Process Annotations = 38 ms], [Find R Classes = 26 ms], [Extract Annotations = 20 ms], [Validate Annotations = 8 ms], 
12:37:01.203 [Daemon] INFO  o.a.AndroidAnnotationProcessor:123 - Finish processing
